<?xml version="1.0" encoding="UTF-8"?>
<!-- Generated by org.testng.reporters.JUnitReportReporter -->
<testsuite hostname="DESKTOP-0CLE4QB" failures="0" tests="1" name="tests.contactTest" time="3.959" errors="0" timestamp="6 Jan 2024 21:21:22 GMT">
  <testcase classname="tests.contactTest" name="contactTest" time="3.959"/>
</testsuite> <!-- tests.contactTest -->
