<?xml version="1.0" encoding="UTF-8"?>
<!-- Generated by org.testng.reporters.JUnitReportReporter -->
<testsuite hostname="DESKTOP-0CLE4QB" failures="0" tests="1" name="tests.contactTest" time="4.118" errors="0" timestamp="8 Jan 2024 20:32:12 GMT">
  <testcase classname="tests.contactTest" name="contactTest" time="4.118"/>
</testsuite> <!-- tests.contactTest -->
