<?xml version="1.0" encoding="UTF-8"?>
<!-- Generated by org.testng.reporters.JUnitReportReporter -->
<testsuite hostname="DESKTOP-0CLE4QB" failures="0" tests="1" name="tests.registerTest" time="13.987" errors="0" timestamp="6 Jan 2024 21:21:22 GMT">
  <testcase classname="tests.registerTest" name="registerTest" time="13.987"/>
</testsuite> <!-- tests.registerTest -->
