<?xml version="1.0" encoding="UTF-8"?>
<!-- Generated by org.testng.reporters.JUnitReportReporter -->
<testsuite hostname="DESKTOP-0CLE4QB" failures="0" tests="1" name="tests.Test1" time="4.349" errors="0" timestamp="5 Jan 2024 21:56:43 GMT">
  <testcase classname="tests.Test1" name="testOne" time="4.349"/>
</testsuite> <!-- tests.Test1 -->
