<?xml version="1.0" encoding="UTF-8"?>
<!-- Generated by org.testng.reporters.JUnitReportReporter -->
<testsuite hostname="DESKTOP-0CLE4QB" failures="0" tests="1" name="pages.registerPageTest" time="16.264" errors="0" timestamp="9 Jan 2024 20:53:55 GMT">
  <testcase classname="pages.registerPageTest" name="verify_create_account" time="16.264"/>
</testsuite> <!-- pages.registerPageTest -->
