<?xml version="1.0" encoding="UTF-8"?>
<!-- Generated by org.testng.reporters.JUnitReportReporter -->
<testsuite hostname="DESKTOP-0CLE4QB" failures="0" tests="1" name="pages.productsPageTest" time="2.175" errors="0" timestamp="9 Jan 2024 20:53:55 GMT">
  <testcase classname="pages.productsPageTest" name="verify_functionality_of_cart" time="2.175"/>
</testsuite> <!-- pages.productsPageTest -->
