<?xml version="1.0" encoding="UTF-8"?>
<!-- Generated by org.testng.reporters.JUnitReportReporter -->
<testsuite hostname="DESKTOP-0CLE4QB" failures="0" tests="1" name="pages.homePageTest" time="3.162" errors="0" timestamp="9 Jan 2024 20:53:55 GMT">
  <testcase classname="pages.homePageTest" name="verify_subscription_in_home_page" time="3.162"/>
</testsuite> <!-- pages.homePageTest -->
