<?xml version="1.0" encoding="UTF-8"?>
<!-- Generated by org.testng.reporters.JUnitReportReporter -->
<testsuite hostname="DESKTOP-0CLE4QB" failures="0" tests="1" name="tests.contactTest" time="4.325" errors="0" timestamp="8 Jan 2024 20:43:26 GMT">
  <testcase classname="tests.contactTest" name="contactTest" time="4.325"/>
</testsuite> <!-- tests.contactTest -->
